0 info it worked if it ends with ok
1 verbose cli [ '/usr/local/bin/node',
1 verbose cli   '/usr/local/bin/npm',
1 verbose cli   'install',
1 verbose cli   'sharp' ]
2 info using npm@2.10.1
3 info using node@v0.12.4
4 verbose install initial load of /Users/bardock/Sites/eakigbo/package.json
5 verbose installManyTop reading scoped package data from /Users/bardock/Sites/eakigbo/node_modules/body-parser/package.json
6 verbose installManyTop reading scoped package data from /Users/bardock/Sites/eakigbo/node_modules/cookie-parser/package.json
7 verbose installManyTop reading scoped package data from /Users/bardock/Sites/eakigbo/node_modules/debug/package.json
8 verbose installManyTop reading scoped package data from /Users/bardock/Sites/eakigbo/node_modules/express/package.json
9 verbose installManyTop reading scoped package data from /Users/bardock/Sites/eakigbo/node_modules/jade/package.json
10 verbose installManyTop reading scoped package data from /Users/bardock/Sites/eakigbo/node_modules/less-middleware/package.json
11 verbose installManyTop reading scoped package data from /Users/bardock/Sites/eakigbo/node_modules/marked/package.json
12 verbose installManyTop reading scoped package data from /Users/bardock/Sites/eakigbo/node_modules/morgan/package.json
13 verbose installManyTop reading scoped package data from /Users/bardock/Sites/eakigbo/node_modules/serve-favicon/package.json
14 verbose readDependencies loading dependencies from /Users/bardock/Sites/eakigbo/package.json
15 silly cache add args [ 'sharp', null ]
16 verbose cache add spec sharp
17 silly cache add parsed spec { raw: 'sharp',
17 silly cache add   scope: null,
17 silly cache add   name: 'sharp',
17 silly cache add   rawSpec: '',
17 silly cache add   spec: '*',
17 silly cache add   type: 'range' }
18 silly addNamed sharp@*
19 verbose addNamed "*" is a valid semver range for sharp
20 silly addNameRange { name: 'sharp', range: '*', hasData: false }
21 silly mapToRegistry name sharp
22 silly mapToRegistry using default registry
23 silly mapToRegistry registry https://registry.npmjs.org/
24 silly mapToRegistry uri https://registry.npmjs.org/sharp
25 verbose addNameRange registry:https://registry.npmjs.org/sharp not in flight; fetching
26 verbose request uri https://registry.npmjs.org/sharp
27 verbose request no auth needed
28 info attempt registry request try #1 at 7:55:49 PM
29 verbose request id 348e4001b6b5d6ff
30 verbose etag "2KJQ6G0F7EKBPR0XJCAVJCFOX"
31 http request GET https://registry.npmjs.org/sharp
32 http 304 https://registry.npmjs.org/sharp
33 silly get cb [ 304,
33 silly get   { date: 'Wed, 17 Jun 2015 09:36:26 GMT',
33 silly get     via: '1.1 varnish',
33 silly get     'cache-control': 'max-age=60',
33 silly get     etag: '"2KJQ6G0F7EKBPR0XJCAVJCFOX"',
33 silly get     age: '0',
33 silly get     connection: 'keep-alive',
33 silly get     'x-served-by': 'cache-syd1627-SYD',
33 silly get     'x-cache': 'MISS',
33 silly get     'x-cache-hits': '0',
33 silly get     'x-timer': 'S1434533786.639997,VS0,VE865',
33 silly get     vary: 'Accept' } ]
34 verbose etag https://registry.npmjs.org/sharp from cache
35 verbose get saving sharp to /Users/bardock/.npm/registry.npmjs.org/sharp/.cache.json
36 silly addNameRange number 2 { name: 'sharp', range: '*', hasData: true }
37 silly addNameRange versions [ 'sharp',
37 silly addNameRange   [ '0.0.1',
37 silly addNameRange     '0.0.2',
37 silly addNameRange     '0.0.3',
37 silly addNameRange     '0.0.4',
37 silly addNameRange     '0.0.5',
37 silly addNameRange     '0.0.6',
37 silly addNameRange     '0.0.7',
37 silly addNameRange     '0.0.8',
37 silly addNameRange     '0.0.9',
37 silly addNameRange     '0.1.0',
37 silly addNameRange     '0.1.1',
37 silly addNameRange     '0.1.2',
37 silly addNameRange     '0.1.3',
37 silly addNameRange     '0.1.4',
37 silly addNameRange     '0.1.5',
37 silly addNameRange     '0.1.6',
37 silly addNameRange     '0.1.7',
37 silly addNameRange     '0.1.8',
37 silly addNameRange     '0.2.0',
37 silly addNameRange     '0.3.0',
37 silly addNameRange     '0.4.0',
37 silly addNameRange     '0.4.1',
37 silly addNameRange     '0.4.2',
37 silly addNameRange     '0.5.0',
37 silly addNameRange     '0.5.1',
37 silly addNameRange     '0.5.2',
37 silly addNameRange     '0.6.0',
37 silly addNameRange     '0.6.1',
37 silly addNameRange     '0.6.2',
37 silly addNameRange     '0.7.0',
37 silly addNameRange     '0.7.1',
37 silly addNameRange     '0.7.2',
37 silly addNameRange     '0.8.0',
37 silly addNameRange     '0.8.1',
37 silly addNameRange     '0.8.2',
37 silly addNameRange     '0.8.3',
37 silly addNameRange     '0.8.4',
37 silly addNameRange     '0.9.0',
37 silly addNameRange     '0.9.1',
37 silly addNameRange     '0.9.2',
37 silly addNameRange     '0.9.3',
37 silly addNameRange     '0.10.0',
37 silly addNameRange     '0.10.1' ] ]
38 silly addNamed sharp@0.10.1
39 verbose addNamed "0.10.1" is a plain semver version for sharp
40 silly cache afterAdd sharp@0.10.1
41 verbose afterAdd /Users/bardock/.npm/sharp/0.10.1/package/package.json not in flight; writing
42 verbose afterAdd /Users/bardock/.npm/sharp/0.10.1/package/package.json written
43 silly install resolved [ { name: 'sharp',
43 silly install resolved     version: '0.10.1',
43 silly install resolved     author: { name: 'Lovell Fuller', email: 'npm@lovell.info' },
43 silly install resolved     contributors:
43 silly install resolved      [ [Object],
43 silly install resolved        [Object],
43 silly install resolved        [Object],
43 silly install resolved        [Object],
43 silly install resolved        [Object],
43 silly install resolved        [Object],
43 silly install resolved        [Object],
43 silly install resolved        [Object],
43 silly install resolved        [Object],
43 silly install resolved        [Object],
43 silly install resolved        [Object],
43 silly install resolved        [Object],
43 silly install resolved        [Object],
43 silly install resolved        [Object] ],
43 silly install resolved     description: 'High performance Node.js module to resize JPEG, PNG, WebP and TIFF images using the libvips library',
43 silly install resolved     scripts:
43 silly install resolved      { test: 'VIPS_WARNING=0 node ./node_modules/istanbul/lib/cli.js cover ./node_modules/mocha/bin/_mocha -- --slow=5000 --timeout=20000 ./test/unit/*.js',
43 silly install resolved        'test-win32-node': 'node ./node_modules/mocha/bin/mocha --slow=5000 --timeout=20000 ./test/unit/*.js',
43 silly install resolved        'test-win32-iojs': 'iojs ./node_modules/mocha/bin/mocha --slow=5000 --timeout=20000 ./test/unit/*.js',
43 silly install resolved        install: 'node-gyp rebuild' },
43 silly install resolved     main: 'index.js',
43 silly install resolved     repository: { type: 'git', url: 'git://github.com/lovell/sharp.git' },
43 silly install resolved     keywords:
43 silly install resolved      [ 'jpeg',
43 silly install resolved        'png',
43 silly install resolved        'webp',
43 silly install resolved        'tiff',
43 silly install resolved        'dzi',
43 silly install resolved        'resize',
43 silly install resolved        'thumbnail',
43 silly install resolved        'crop',
43 silly install resolved        'libvips',
43 silly install resolved        'vips' ],
43 silly install resolved     dependencies:
43 silly install resolved      { bluebird: '^2.9.27',
43 silly install resolved        color: '^0.8.0',
43 silly install resolved        nan: '^1.8.4',
43 silly install resolved        semver: '^4.3.6' },
43 silly install resolved     devDependencies:
43 silly install resolved      { async: '^1.1.0',
43 silly install resolved        coveralls: '^2.11.2',
43 silly install resolved        istanbul: '^0.3.14',
43 silly install resolved        mocha: '^2.2.5',
43 silly install resolved        'mocha-jshint': '^2.2.3',
43 silly install resolved        'node-cpplint': '^0.4.0',
43 silly install resolved        rimraf: '^2.3.4' },
43 silly install resolved     license: 'Apache-2.0',
43 silly install resolved     engines: { node: '>=0.10' },
43 silly install resolved     gypfile: true,
43 silly install resolved     gitHead: '75d72cfded3ab053693f2230174505e867f57d1d',
43 silly install resolved     bugs: { url: 'https://github.com/lovell/sharp/issues' },
43 silly install resolved     homepage: 'https://github.com/lovell/sharp#readme',
43 silly install resolved     _id: 'sharp@0.10.1',
43 silly install resolved     _shasum: 'b36df3398462b6d6ac923e41497b550c3385a0be',
43 silly install resolved     _from: 'sharp@*',
43 silly install resolved     _npmVersion: '2.8.3',
43 silly install resolved     _nodeVersion: '1.8.1',
43 silly install resolved     _npmUser: { name: 'lovell', email: 'npm@lovell.info' },
43 silly install resolved     maintainers: [ [Object] ],
43 silly install resolved     dist:
43 silly install resolved      { shasum: 'b36df3398462b6d6ac923e41497b550c3385a0be',
43 silly install resolved        tarball: 'http://registry.npmjs.org/sharp/-/sharp-0.10.1.tgz' },
43 silly install resolved     directories: {},
43 silly install resolved     _resolved: 'https://registry.npmjs.org/sharp/-/sharp-0.10.1.tgz',
43 silly install resolved     readme: 'ERROR: No README data found!' } ]
44 info install sharp@0.10.1 into /Users/bardock/Sites/eakigbo
45 info installOne sharp@0.10.1
46 verbose installOne of sharp to /Users/bardock/Sites/eakigbo not in flight; installing
47 verbose lock using /Users/bardock/.npm/_locks/sharp-be65044426166503.lock for /Users/bardock/Sites/eakigbo/node_modules/sharp
48 silly install write writing sharp 0.10.1 to /Users/bardock/Sites/eakigbo/node_modules/sharp
49 verbose unbuild node_modules/sharp
50 silly gentlyRm /Users/bardock/Sites/eakigbo/node_modules/sharp is being purged from base /Users/bardock/Sites/eakigbo
51 verbose gentlyRm don't care about contents; nuking /Users/bardock/Sites/eakigbo/node_modules/sharp
52 verbose tar unpack /Users/bardock/.npm/sharp/0.10.1/package.tgz
53 verbose tar unpacking to /Users/bardock/Sites/eakigbo/node_modules/sharp
54 silly gentlyRm /Users/bardock/Sites/eakigbo/node_modules/sharp is being purged
55 verbose gentlyRm don't care about contents; nuking /Users/bardock/Sites/eakigbo/node_modules/sharp
56 silly gunzTarPerm modes [ '755', '644' ]
57 silly gunzTarPerm extractEntry package.json
58 silly gunzTarPerm modified mode [ 'package.json', 509, 493 ]
59 silly gunzTarPerm extractEntry .npmignore
60 silly gunzTarPerm modified mode [ '.npmignore', 436, 420 ]
61 silly gunzTarPerm extractEntry README.md
62 silly gunzTarPerm modified mode [ 'README.md', 509, 493 ]
63 silly gunzTarPerm extractEntry LICENSE
64 silly gunzTarPerm modified mode [ 'LICENSE', 436, 420 ]
65 silly gunzTarPerm extractEntry index.js
66 silly gunzTarPerm modified mode [ 'index.js', 509, 493 ]
67 silly gunzTarPerm extractEntry binding.gyp
68 silly gunzTarPerm modified mode [ 'binding.gyp', 509, 493 ]
69 silly gunzTarPerm extractEntry icc/USWebCoatedSWOP.icc
70 silly gunzTarPerm modified mode [ 'icc/USWebCoatedSWOP.icc', 436, 420 ]
71 silly gunzTarPerm extractEntry icc/sRGB_IEC61966-2-1_black_scaled.icc
72 silly gunzTarPerm modified mode [ 'icc/sRGB_IEC61966-2-1_black_scaled.icc', 436, 420 ]
73 silly gunzTarPerm extractEntry src/common.cc
74 silly gunzTarPerm modified mode [ 'src/common.cc', 509, 493 ]
75 silly gunzTarPerm extractEntry src/common.h
76 silly gunzTarPerm modified mode [ 'src/common.h', 509, 493 ]
77 silly gunzTarPerm extractEntry src/metadata.cc
78 silly gunzTarPerm modified mode [ 'src/metadata.cc', 509, 493 ]
79 silly gunzTarPerm extractEntry src/metadata.h
80 silly gunzTarPerm modified mode [ 'src/metadata.h', 509, 493 ]
81 silly gunzTarPerm extractEntry src/resize.cc
82 silly gunzTarPerm modified mode [ 'src/resize.cc', 509, 493 ]
83 silly gunzTarPerm extractEntry src/resize.h
84 silly gunzTarPerm modified mode [ 'src/resize.h', 509, 493 ]
85 silly gunzTarPerm extractEntry src/sharp.cc
86 silly gunzTarPerm modified mode [ 'src/sharp.cc', 509, 493 ]
87 silly gunzTarPerm extractEntry src/utilities.cc
88 silly gunzTarPerm modified mode [ 'src/utilities.cc', 509, 493 ]
89 silly gunzTarPerm extractEntry src/utilities.h
90 silly gunzTarPerm modified mode [ 'src/utilities.h', 509, 493 ]
91 silly gunzTarPerm extractEntry CONTRIBUTING.md
92 silly gunzTarPerm modified mode [ 'CONTRIBUTING.md', 509, 493 ]
93 silly gunzTarPerm extractEntry preinstall.sh
94 silly gunzTarPerm modified mode [ 'preinstall.sh', 509, 493 ]
95 verbose write writing to /Users/bardock/Sites/eakigbo/node_modules/sharp/package.json
96 info preinstall sharp@0.10.1
97 verbose readDependencies loading dependencies from /Users/bardock/Sites/eakigbo/node_modules/sharp/package.json
98 silly prepareForInstallMany adding bluebird@^2.9.27 from sharp dependencies
99 silly prepareForInstallMany adding color@^0.8.0 from sharp dependencies
100 silly prepareForInstallMany adding nan@^1.8.4 from sharp dependencies
101 silly prepareForInstallMany adding semver@^4.3.6 from sharp dependencies
102 verbose readDependencies loading dependencies from /Users/bardock/Sites/eakigbo/node_modules/sharp/package.json
103 silly cache add args [ 'bluebird@^2.9.27', null ]
104 verbose cache add spec bluebird@^2.9.27
105 silly cache add args [ 'color@^0.8.0', null ]
106 verbose cache add spec color@^0.8.0
107 silly cache add parsed spec { raw: 'bluebird@^2.9.27',
107 silly cache add   scope: null,
107 silly cache add   name: 'bluebird',
107 silly cache add   rawSpec: '^2.9.27',
107 silly cache add   spec: '>=2.9.27 <3.0.0',
107 silly cache add   type: 'range' }
108 silly addNamed bluebird@>=2.9.27 <3.0.0
109 verbose addNamed ">=2.9.27 <3.0.0" is a valid semver range for bluebird
110 silly addNameRange { name: 'bluebird', range: '>=2.9.27 <3.0.0', hasData: false }
111 silly mapToRegistry name bluebird
112 silly mapToRegistry using default registry
113 silly mapToRegistry registry https://registry.npmjs.org/
114 silly mapToRegistry uri https://registry.npmjs.org/bluebird
115 verbose addNameRange registry:https://registry.npmjs.org/bluebird not in flight; fetching
116 silly cache add parsed spec { raw: 'color@^0.8.0',
116 silly cache add   scope: null,
116 silly cache add   name: 'color',
116 silly cache add   rawSpec: '^0.8.0',
116 silly cache add   spec: '>=0.8.0 <0.9.0',
116 silly cache add   type: 'range' }
117 silly addNamed color@>=0.8.0 <0.9.0
118 verbose addNamed ">=0.8.0 <0.9.0" is a valid semver range for color
119 silly addNameRange { name: 'color', range: '>=0.8.0 <0.9.0', hasData: false }
120 silly mapToRegistry name color
121 silly mapToRegistry using default registry
122 silly mapToRegistry registry https://registry.npmjs.org/
123 silly mapToRegistry uri https://registry.npmjs.org/color
124 verbose addNameRange registry:https://registry.npmjs.org/color not in flight; fetching
125 silly cache add args [ 'nan@^1.8.4', null ]
126 verbose cache add spec nan@^1.8.4
127 silly cache add parsed spec { raw: 'nan@^1.8.4',
127 silly cache add   scope: null,
127 silly cache add   name: 'nan',
127 silly cache add   rawSpec: '^1.8.4',
127 silly cache add   spec: '>=1.8.4 <2.0.0',
127 silly cache add   type: 'range' }
128 silly addNamed nan@>=1.8.4 <2.0.0
129 verbose addNamed ">=1.8.4 <2.0.0" is a valid semver range for nan
130 silly addNameRange { name: 'nan', range: '>=1.8.4 <2.0.0', hasData: false }
131 silly mapToRegistry name nan
132 silly mapToRegistry using default registry
133 silly mapToRegistry registry https://registry.npmjs.org/
134 silly mapToRegistry uri https://registry.npmjs.org/nan
135 verbose addNameRange registry:https://registry.npmjs.org/nan not in flight; fetching
136 silly cache add args [ 'semver@^4.3.6', null ]
137 verbose cache add spec semver@^4.3.6
138 silly cache add parsed spec { raw: 'semver@^4.3.6',
138 silly cache add   scope: null,
138 silly cache add   name: 'semver',
138 silly cache add   rawSpec: '^4.3.6',
138 silly cache add   spec: '>=4.3.6 <5.0.0',
138 silly cache add   type: 'range' }
139 silly addNamed semver@>=4.3.6 <5.0.0
140 verbose addNamed ">=4.3.6 <5.0.0" is a valid semver range for semver
141 silly addNameRange { name: 'semver', range: '>=4.3.6 <5.0.0', hasData: false }
142 silly mapToRegistry name semver
143 silly mapToRegistry using default registry
144 silly mapToRegistry registry https://registry.npmjs.org/
145 silly mapToRegistry uri https://registry.npmjs.org/semver
146 verbose addNameRange registry:https://registry.npmjs.org/semver not in flight; fetching
147 verbose request uri https://registry.npmjs.org/color
148 verbose request no auth needed
149 info attempt registry request try #1 at 7:55:51 PM
150 verbose etag "C0CQ7F6W4CFWLCCO721KPM5OM"
151 http request GET https://registry.npmjs.org/color
152 verbose request uri https://registry.npmjs.org/bluebird
153 verbose request no auth needed
154 info attempt registry request try #1 at 7:55:51 PM
155 verbose etag "1K6CVEWL7I1IWDB3UT6TKPFIP"
156 http request GET https://registry.npmjs.org/bluebird
157 verbose request uri https://registry.npmjs.org/semver
158 verbose request no auth needed
159 info attempt registry request try #1 at 7:55:51 PM
160 verbose etag "CX6SBIBAR8CNCC9FRV7RVDYPR"
161 http request GET https://registry.npmjs.org/semver
162 verbose request uri https://registry.npmjs.org/nan
163 verbose request no auth needed
164 info attempt registry request try #1 at 7:55:51 PM
165 verbose etag "CWMZR9BQ6YD6KL99MGG0CU5U5"
166 http request GET https://registry.npmjs.org/nan
167 http 304 https://registry.npmjs.org/semver
168 silly get cb [ 304,
168 silly get   { date: 'Wed, 17 Jun 2015 09:36:28 GMT',
168 silly get     via: '1.1 varnish',
168 silly get     'cache-control': 'max-age=60',
168 silly get     etag: '"CX6SBIBAR8CNCC9FRV7RVDYPR"',
168 silly get     age: '55',
168 silly get     connection: 'keep-alive',
168 silly get     'x-served-by': 'cache-syd1624-SYD',
168 silly get     'x-cache': 'HIT',
168 silly get     'x-cache-hits': '9450',
168 silly get     'x-timer': 'S1434533788.691638,VS0,VE0',
168 silly get     vary: 'Accept' } ]
169 verbose etag https://registry.npmjs.org/semver from cache
170 verbose get saving semver to /Users/bardock/.npm/registry.npmjs.org/semver/.cache.json
171 silly addNameRange number 2 { name: 'semver', range: '>=4.3.6 <5.0.0', hasData: true }
172 silly addNameRange versions [ 'semver',
172 silly addNameRange   [ '1.0.0',
172 silly addNameRange     '1.0.1',
172 silly addNameRange     '1.0.2',
172 silly addNameRange     '1.0.3',
172 silly addNameRange     '1.0.4',
172 silly addNameRange     '1.0.5',
172 silly addNameRange     '1.0.6',
172 silly addNameRange     '1.0.7',
172 silly addNameRange     '1.0.8',
172 silly addNameRange     '1.0.9',
172 silly addNameRange     '1.0.10',
172 silly addNameRange     '1.0.11',
172 silly addNameRange     '1.0.12',
172 silly addNameRange     '1.0.13',
172 silly addNameRange     '1.0.14',
172 silly addNameRange     '1.1.0',
172 silly addNameRange     '1.1.1',
172 silly addNameRange     '1.1.2',
172 silly addNameRange     '1.1.3',
172 silly addNameRange     '1.1.4',
172 silly addNameRange     '2.0.0-alpha',
172 silly addNameRange     '2.0.0-beta',
172 silly addNameRange     '2.0.1',
172 silly addNameRange     '2.0.2',
172 silly addNameRange     '2.0.3',
172 silly addNameRange     '2.0.4',
172 silly addNameRange     '2.0.5',
172 silly addNameRange     '2.0.6',
172 silly addNameRange     '2.0.7',
172 silly addNameRange     '2.0.8',
172 silly addNameRange     '2.0.9',
172 silly addNameRange     '2.0.10',
172 silly addNameRange     '2.0.11',
172 silly addNameRange     '2.1.0',
172 silly addNameRange     '2.2.0',
172 silly addNameRange     '2.2.1',
172 silly addNameRange     '2.3.0',
172 silly addNameRange     '2.3.1',
172 silly addNameRange     '2.3.2',
172 silly addNameRange     '3.0.0',
172 silly addNameRange     '3.0.1',
172 silly addNameRange     '4.0.0',
172 silly addNameRange     '4.0.2',
172 silly addNameRange     '4.0.3',
172 silly addNameRange     '4.1.0',
172 silly addNameRange     '4.1.1',
172 silly addNameRange     '4.2.0',
172 silly addNameRange     '4.2.1',
172 silly addNameRange     '4.2.2',
172 silly addNameRange     '4.3.0',
172 silly addNameRange     '4.3.1',
172 silly addNameRange     '4.3.2',
172 silly addNameRange     '4.3.3',
172 silly addNameRange     '4.3.4',
172 silly addNameRange     '4.3.5',
172 silly addNameRange     '4.3.6' ] ]
173 silly addNamed semver@4.3.6
174 verbose addNamed "4.3.6" is a plain semver version for semver
175 http 304 https://registry.npmjs.org/bluebird
176 silly get cb [ 304,
176 silly get   { date: 'Wed, 17 Jun 2015 09:36:28 GMT',
176 silly get     via: '1.1 varnish',
176 silly get     'cache-control': 'max-age=60',
176 silly get     etag: '"1K6CVEWL7I1IWDB3UT6TKPFIP"',
176 silly get     age: '60',
176 silly get     connection: 'keep-alive',
176 silly get     'x-served-by': 'cache-syd1621-SYD',
176 silly get     'x-cache': 'HIT',
176 silly get     'x-cache-hits': '1',
176 silly get     'x-timer': 'S1434533788.697110,VS0,VE2',
176 silly get     vary: 'Accept' } ]
177 verbose etag https://registry.npmjs.org/bluebird from cache
178 verbose get saving bluebird to /Users/bardock/.npm/registry.npmjs.org/bluebird/.cache.json
179 silly cache afterAdd semver@4.3.6
180 verbose afterAdd /Users/bardock/.npm/semver/4.3.6/package/package.json not in flight; writing
181 verbose afterAdd /Users/bardock/.npm/semver/4.3.6/package/package.json written
182 silly addNameRange number 2 { name: 'bluebird', range: '>=2.9.27 <3.0.0', hasData: true }
183 silly addNameRange versions [ 'bluebird',
183 silly addNameRange   [ '0.7.1-1',
183 silly addNameRange     '0.7.1-2',
183 silly addNameRange     '0.7.1-3',
183 silly addNameRange     '0.7.1-4',
183 silly addNameRange     '0.7.1-5',
183 silly addNameRange     '0.7.2-0',
183 silly addNameRange     '0.7.3-0',
183 silly addNameRange     '0.7.4-0',
183 silly addNameRange     '0.7.4-1',
183 silly addNameRange     '0.7.5-0',
183 silly addNameRange     '0.7.6-0',
183 silly addNameRange     '0.7.7-0',
183 silly addNameRange     '0.7.7-1',
183 silly addNameRange     '0.7.8-0',
183 silly addNameRange     '0.7.8-1',
183 silly addNameRange     '0.7.9-0',
183 silly addNameRange     '0.7.9-1',
183 silly addNameRange     '0.7.10-0',
183 silly addNameRange     '0.7.10-1',
183 silly addNameRange     '0.7.11-0',
183 silly addNameRange     '0.7.12-0',
183 silly addNameRange     '0.7.12-1',
183 silly addNameRange     '0.7.12-2',
183 silly addNameRange     '0.8.0-0',
183 silly addNameRange     '0.8.0-1',
183 silly addNameRange     '0.8.0-2',
183 silly addNameRange     '0.8.0-3',
183 silly addNameRange     '0.8.1-0',
183 silly addNameRange     '0.8.2-0',
183 silly addNameRange     '0.8.2-1',
183 silly addNameRange     '0.8.2-2',
183 silly addNameRange     '0.8.3-0',
183 silly addNameRange     '0.8.3-1',
183 silly addNameRange     '0.8.3-2',
183 silly addNameRange     '0.8.3-3',
183 silly addNameRange     '0.8.4-0',
183 silly addNameRange     '0.8.4-1',
183 silly addNameRange     '0.8.5-0',
183 silly addNameRange     '0.8.5-1',
183 silly addNameRange     '0.9.0-0',
183 silly addNameRange     '0.9.1-0',
183 silly addNameRange     '0.9.1-1',
183 silly addNameRange     '0.9.2-0',
183 silly addNameRange     '0.9.2-1',
183 silly addNameRange     '0.9.3-0',
183 silly addNameRange     '0.9.4-0',
183 silly addNameRange     '0.9.4-1',
183 silly addNameRange     '0.9.5-0',
183 silly addNameRange     '0.9.6-0',
183 silly addNameRange     '0.9.7-0',
183 silly addNameRange     '0.9.8-0',
183 silly addNameRange     '0.9.9-0',
183 silly addNameRange     '0.9.10-0',
183 silly addNameRange     '0.9.10-1',
183 silly addNameRange     '0.9.11-0',
183 silly addNameRange     '0.9.11-1',
183 silly addNameRange     '0.10.0-0',
183 silly addNameRange     '0.10.0-1',
183 silly addNameRange     '0.10.1-0',
183 silly addNameRange     '0.10.2-0',
183 silly addNameRange     '0.10.2-1',
183 silly addNameRange     '0.10.3-0',
183 silly addNameRange     '0.10.4-0',
183 silly addNameRange     '0.10.4-1',
183 silly addNameRange     '0.10.5-0',
183 silly addNameRange     '0.10.6-0',
183 silly addNameRange     '0.10.7-0',
183 silly addNameRange     '0.10.8-0',
183 silly addNameRange     '0.10.9-0',
183 silly addNameRange     '0.10.9-1',
183 silly addNameRange     '0.10.10-0',
183 silly addNameRange     '0.10.11-0',
183 silly addNameRange     '0.10.11-1',
183 silly addNameRange     '0.10.11-2',
183 silly addNameRange     '0.10.11-4',
183 silly addNameRange     '0.10.12-0',
183 silly addNameRange     '0.10.13-0',
183 silly addNameRange     '0.10.13-1',
183 silly addNameRange     '0.10.14-0',
183 silly addNameRange     '0.11.0-0',
183 silly addNameRange     '0.11.1-0',
183 silly addNameRange     '0.11.2-0',
183 silly addNameRange     '0.11.3-0',
183 silly addNameRange     '0.11.4-0',
183 silly addNameRange     '0.11.4-1',
183 silly addNameRange     '0.11.5-0',
183 silly addNameRange     '0.11.5-1',
183 silly addNameRange     '0.11.6-0',
183 silly addNameRange     '1.0.0',
183 silly addNameRange     '1.0.1',
183 silly addNameRange     '1.0.2',
183 silly addNameRange     '1.0.3',
183 silly addNameRange     '1.0.4',
183 silly addNameRange     '1.0.5',
183 silly addNameRange     '1.0.7',
183 silly addNameRange     '1.0.8',
183 silly addNameRange     '1.1.0',
183 silly addNameRange     '1.1.1',
183 silly addNameRange     '1.2.0',
183 silly addNameRange     '1.2.1',
183 silly addNameRange     '1.2.2',
183 silly addNameRange     '1.2.3',
183 silly addNameRange     '1.2.4',
183 silly addNameRange     '2.0.2',
183 silly addNameRange     '2.0.3',
183 silly addNameRange     '2.0.4',
183 silly addNameRange     '2.0.5',
183 silly addNameRange     '2.0.6',
183 silly addNameRange     '2.0.7',
183 silly addNameRange     '2.1.1',
183 silly addNameRange     '2.1.2',
183 silly addNameRange     '2.1.3',
183 silly addNameRange     '2.2.0',
183 silly addNameRange     '2.2.1',
183 silly addNameRange     '2.2.2',
183 silly addNameRange     '2.3.0',
183 silly addNameRange     '2.3.1',
183 silly addNameRange     '2.3.2',
183 silly addNameRange     '2.3.3',
183 silly addNameRange     '2.3.4',
183 silly addNameRange     '2.3.5',
183 silly addNameRange     '0.11.6',
183 silly addNameRange     '2.3.6',
183 silly addNameRange     '2.3.9',
183 silly addNameRange     '2.3.10',
183 silly addNameRange     '2.3.11',
183 silly addNameRange     '2.4.0',
183 silly addNameRange     '2.4.1',
183 silly addNameRange     '2.4.2',
183 silly addNameRange     '2.4.3',
183 silly addNameRange     '2.5.0',
183 silly addNameRange     '2.5.1',
183 silly addNameRange     '2.5.2',
183 silly addNameRange     '2.5.3',
183 silly addNameRange     '2.6.0',
183 silly addNameRange     '2.6.1',
183 silly addNameRange     '2.6.2',
183 silly addNameRange     '2.6.3',
183 silly addNameRange     '2.6.4',
183 silly addNameRange     '2.7.0',
183 silly addNameRange     '2.7.1',
183 silly addNameRange     '2.8.0',
183 silly addNameRange     '2.8.1',
183 silly addNameRange     '2.8.2',
183 silly addNameRange     '2.9.0',
183 silly addNameRange     '2.9.1',
183 silly addNameRange     '2.9.2',
183 silly addNameRange     '2.9.3',
183 silly addNameRange     '2.9.4',
183 silly addNameRange     '2.9.5',
183 silly addNameRange     '2.9.6',
183 silly addNameRange     '2.9.7',
183 silly addNameRange     '2.9.8',
183 silly addNameRange     '2.9.9',
183 silly addNameRange     '2.9.10',
183 silly addNameRange     '2.9.11',
183 silly addNameRange     '2.9.12',
183 silly addNameRange     '2.9.13',
183 silly addNameRange     '2.9.14',
183 silly addNameRange     '2.9.15',
183 silly addNameRange     '2.9.16',
183 silly addNameRange     '2.9.17',
183 silly addNameRange     '2.9.18',
183 silly addNameRange     '2.9.19',
183 silly addNameRange     '2.9.20',
183 silly addNameRange     '2.9.21',
183 silly addNameRange     '2.9.22',
183 silly addNameRange     '2.9.23',
183 silly addNameRange     '2.9.24',
183 silly addNameRange     '2.9.25',
183 silly addNameRange     '2.9.26',
183 silly addNameRange     '2.9.27',
183 silly addNameRange     '2.9.28',
183 silly addNameRange     '2.9.29',
183 silly addNameRange     '2.9.30' ] ]
184 silly addNamed bluebird@2.9.30
185 verbose addNamed "2.9.30" is a plain semver version for bluebird
186 silly cache afterAdd bluebird@2.9.30
187 verbose afterAdd /Users/bardock/.npm/bluebird/2.9.30/package/package.json not in flight; writing
188 verbose afterAdd /Users/bardock/.npm/bluebird/2.9.30/package/package.json written
189 http 304 https://registry.npmjs.org/nan
190 silly get cb [ 304,
190 silly get   { date: 'Wed, 17 Jun 2015 09:36:28 GMT',
190 silly get     via: '1.1 varnish',
190 silly get     'cache-control': 'max-age=60',
190 silly get     etag: '"CWMZR9BQ6YD6KL99MGG0CU5U5"',
190 silly get     age: '55',
190 silly get     connection: 'keep-alive',
190 silly get     'x-served-by': 'cache-syd1623-SYD',
190 silly get     'x-cache': 'HIT',
190 silly get     'x-cache-hits': '2',
190 silly get     'x-timer': 'S1434533788.757865,VS0,VE0',
190 silly get     vary: 'Accept' } ]
191 verbose etag https://registry.npmjs.org/nan from cache
192 verbose get saving nan to /Users/bardock/.npm/registry.npmjs.org/nan/.cache.json
193 http 304 https://registry.npmjs.org/color
194 silly get cb [ 304,
194 silly get   { date: 'Wed, 17 Jun 2015 09:36:28 GMT',
194 silly get     via: '1.1 varnish',
194 silly get     'cache-control': 'max-age=60',
194 silly get     etag: '"C0CQ7F6W4CFWLCCO721KPM5OM"',
194 silly get     age: '17',
194 silly get     connection: 'keep-alive',
194 silly get     'x-served-by': 'cache-syd1623-SYD',
194 silly get     'x-cache': 'HIT',
194 silly get     'x-cache-hits': '1',
194 silly get     'x-timer': 'S1434533788.757894,VS0,VE0',
194 silly get     vary: 'Accept' } ]
195 verbose etag https://registry.npmjs.org/color from cache
196 verbose get saving color to /Users/bardock/.npm/registry.npmjs.org/color/.cache.json
197 silly addNameRange number 2 { name: 'nan', range: '>=1.8.4 <2.0.0', hasData: true }
198 silly addNameRange versions [ 'nan',
198 silly addNameRange   [ '0.3.0-wip',
198 silly addNameRange     '0.3.0-wip2',
198 silly addNameRange     '0.3.0',
198 silly addNameRange     '0.3.1',
198 silly addNameRange     '0.3.2',
198 silly addNameRange     '0.4.0',
198 silly addNameRange     '0.4.1',
198 silly addNameRange     '0.4.2',
198 silly addNameRange     '0.4.3',
198 silly addNameRange     '0.4.4',
198 silly addNameRange     '0.5.0',
198 silly addNameRange     '0.5.1',
198 silly addNameRange     '0.5.2',
198 silly addNameRange     '0.6.0',
198 silly addNameRange     '0.7.0',
198 silly addNameRange     '0.7.1',
198 silly addNameRange     '0.8.0',
198 silly addNameRange     '1.0.0',
198 silly addNameRange     '1.1.0',
198 silly addNameRange     '1.1.1',
198 silly addNameRange     '1.1.2',
198 silly addNameRange     '1.2.0',
198 silly addNameRange     '1.3.0',
198 silly addNameRange     '1.4.0',
198 silly addNameRange     '1.4.1',
198 silly addNameRange     '1.5.0',
198 silly addNameRange     '1.4.2',
198 silly addNameRange     '1.4.3',
198 silly addNameRange     '1.5.1',
198 silly addNameRange     '1.5.2',
198 silly addNameRange     '1.6.0',
198 silly addNameRange     '1.5.3',
198 silly addNameRange     '1.6.1',
198 silly addNameRange     '1.6.2',
198 silly addNameRange     '1.7.0',
198 silly addNameRange     '1.8.0',
198 silly addNameRange     '1.8.1',
198 silly addNameRange     '1.8.2',
198 silly addNameRange     '1.8.3',
198 silly addNameRange     '1.8.4' ] ]
199 silly addNamed nan@1.8.4
200 verbose addNamed "1.8.4" is a plain semver version for nan
201 silly addNameRange number 2 { name: 'color', range: '>=0.8.0 <0.9.0', hasData: true }
202 silly addNameRange versions [ 'color',
202 silly addNameRange   [ '0.1.0',
202 silly addNameRange     '0.1.1',
202 silly addNameRange     '0.1.2',
202 silly addNameRange     '0.1.3',
202 silly addNameRange     '0.2.0',
202 silly addNameRange     '0.3.0',
202 silly addNameRange     '0.4.0',
202 silly addNameRange     '0.4.1',
202 silly addNameRange     '0.4.2',
202 silly addNameRange     '0.4.3',
202 silly addNameRange     '0.4.4',
202 silly addNameRange     '0.5.0',
202 silly addNameRange     '0.6.0',
202 silly addNameRange     '0.7.0',
202 silly addNameRange     '0.7.1',
202 silly addNameRange     '0.7.2',
202 silly addNameRange     '0.7.3',
202 silly addNameRange     '0.8.0' ] ]
203 silly addNamed color@0.8.0
204 verbose addNamed "0.8.0" is a plain semver version for color
205 silly cache afterAdd nan@1.8.4
206 verbose afterAdd /Users/bardock/.npm/nan/1.8.4/package/package.json not in flight; writing
207 silly cache afterAdd color@0.8.0
208 verbose afterAdd /Users/bardock/.npm/color/0.8.0/package/package.json not in flight; writing
209 verbose afterAdd /Users/bardock/.npm/nan/1.8.4/package/package.json written
210 verbose afterAdd /Users/bardock/.npm/color/0.8.0/package/package.json written
211 silly install resolved [ { name: 'semver',
211 silly install resolved     version: '4.3.6',
211 silly install resolved     description: 'The semantic version parser used by npm.',
211 silly install resolved     main: 'semver.js',
211 silly install resolved     browser: 'semver.browser.js',
211 silly install resolved     min: 'semver.min.js',
211 silly install resolved     scripts: { test: 'tap test/*.js', prepublish: 'make' },
211 silly install resolved     devDependencies: { tap: '^1.2.0', 'uglify-js': '~2.3.6' },
211 silly install resolved     license: 'ISC',
211 silly install resolved     repository: { type: 'git', url: 'git://github.com/npm/node-semver.git' },
211 silly install resolved     bin: { semver: './bin/semver' },
211 silly install resolved     gitHead: '63c48296ca5da3ba6a88c743bb8c92effc789811',
211 silly install resolved     bugs: { url: 'https://github.com/npm/node-semver/issues' },
211 silly install resolved     homepage: 'https://github.com/npm/node-semver#readme',
211 silly install resolved     _id: 'semver@4.3.6',
211 silly install resolved     _shasum: '300bc6e0e86374f7ba61068b5b1ecd57fc6532da',
211 silly install resolved     _from: 'semver@>=4.3.6 <5.0.0',
211 silly install resolved     _npmVersion: '2.10.1',
211 silly install resolved     _nodeVersion: '2.0.1',
211 silly install resolved     _npmUser: { name: 'isaacs', email: 'isaacs@npmjs.com' },
211 silly install resolved     dist:
211 silly install resolved      { shasum: '300bc6e0e86374f7ba61068b5b1ecd57fc6532da',
211 silly install resolved        tarball: 'http://registry.npmjs.org/semver/-/semver-4.3.6.tgz' },
211 silly install resolved     maintainers: [ [Object], [Object] ],
211 silly install resolved     directories: {},
211 silly install resolved     _resolved: 'https://registry.npmjs.org/semver/-/semver-4.3.6.tgz',
211 silly install resolved     readme: 'ERROR: No README data found!' },
211 silly install resolved   { name: 'bluebird',
211 silly install resolved     description: 'Full featured Promises/A+ implementation with exceptionally good performance',
211 silly install resolved     version: '2.9.30',
211 silly install resolved     keywords:
211 silly install resolved      [ 'promise',
211 silly install resolved        'performance',
211 silly install resolved        'promises',
211 silly install resolved        'promises-a',
211 silly install resolved        'promises-aplus',
211 silly install resolved        'async',
211 silly install resolved        'await',
211 silly install resolved        'deferred',
211 silly install resolved        'deferreds',
211 silly install resolved        'future',
211 silly install resolved        'flow control',
211 silly install resolved        'dsl',
211 silly install resolved        'fluent interface' ],
211 silly install resolved     scripts:
211 silly install resolved      { lint: 'node scripts/jshint.js',
211 silly install resolved        test: 'node tools/test.js',
211 silly install resolved        istanbul: 'istanbul',
211 silly install resolved        prepublish: 'node tools/build.js --no-debug --main --zalgo --browser --minify' },
211 silly install resolved     homepage: 'https://github.com/petkaantonov/bluebird',
211 silly install resolved     repository:
211 silly install resolved      { type: 'git',
211 silly install resolved        url: 'git://github.com/petkaantonov/bluebird.git' },
211 silly install resolved     bugs: { url: 'http://github.com/petkaantonov/bluebird/issues' },
211 silly install resolved     license: 'MIT',
211 silly install resolved     author:
211 silly install resolved      { name: 'Petka Antonov',
211 silly install resolved        email: 'petka_antonov@hotmail.com',
211 silly install resolved        url: 'http://github.com/petkaantonov/' },
211 silly install resolved     devDependencies:
211 silly install resolved      { acorn: '~0.6.0',
211 silly install resolved        baconjs: '^0.7.43',
211 silly install resolved        bluebird: '^2.9.2',
211 silly install resolved        'body-parser': '^1.10.2',
211 silly install resolved        browserify: '^8.1.1',
211 silly install resolved        'cli-table': '~0.3.1',
211 silly install resolved        co: '^4.2.0',
211 silly install resolved        'cross-spawn': '^0.2.3',
211 silly install resolved        glob: '^4.3.2',
211 silly install resolved        'grunt-saucelabs': '~8.4.1',
211 silly install resolved        highland: '^2.3.0',
211 silly install resolved        istanbul: '^0.3.5',
211 silly install resolved        jshint: '^2.6.0',
211 silly install resolved        'jshint-stylish': '~0.2.0',
211 silly install resolved        mkdirp: '~0.5.0',
211 silly install resolved        mocha: '~2.1',
211 silly install resolved        open: '~0.0.5',
211 silly install resolved        optimist: '~0.6.1',
211 silly install resolved        rimraf: '~2.2.6',
211 silly install resolved        rx: '^2.3.25',
211 silly install resolved        'serve-static': '^1.7.1',
211 silly install resolved        sinon: '~1.7.3',
211 silly install resolved        'uglify-js': '~2.4.16',
211 silly install resolved        kefir: '^2.4.1' },
211 silly install resolved     main: './js/main/bluebird.js',
211 silly install resolved     browser: './js/browser/bluebird.js',
211 silly install resolved     files: [ 'js/browser', 'js/main', 'js/zalgo', 'LICENSE', 'zalgo.js' ],
211 silly install resolved     gitHead: '808ad89efab27c6eb3d63dcb4198c5732ab51c29',
211 silly install resolved     _id: 'bluebird@2.9.30',
211 silly install resolved     _shasum: 'edda875ec9aad1f29cf1f56d6e82fbab2b0df556',
211 silly install resolved     _from: 'bluebird@>=2.9.27 <3.0.0',
211 silly install resolved     _npmVersion: '2.11.1',
211 silly install resolved     _nodeVersion: '2.3.0',
211 silly install resolved     _npmUser: { name: 'esailija', email: 'petka_antonov@hotmail.com' },
211 silly install resolved     maintainers: [ [Object] ],
211 silly install resolved     dist:
211 silly install resolved      { shasum: 'edda875ec9aad1f29cf1f56d6e82fbab2b0df556',
211 silly install resolved        tarball: 'http://registry.npmjs.org/bluebird/-/bluebird-2.9.30.tgz' },
211 silly install resolved     directories: {},
211 silly install resolved     _resolved: 'https://registry.npmjs.org/bluebird/-/bluebird-2.9.30.tgz',
211 silly install resolved     readme: 'ERROR: No README data found!' },
211 silly install resolved   { name: 'nan',
211 silly install resolved     version: '1.8.4',
211 silly install resolved     description: 'Native Abstractions for Node.js: C++ header for Node 0.8->0.12 compatibility',
211 silly install resolved     main: 'include_dirs.js',
211 silly install resolved     repository: { type: 'git', url: 'git://github.com/iojs/nan.git' },
211 silly install resolved     scripts:
211 silly install resolved      { test: 'tap --gc test/js/*-test.js',
211 silly install resolved        'rebuild-tests': 'pangyp rebuild --directory test' },
211 silly install resolved     contributors:
211 silly install resolved      [ [Object],
211 silly install resolved        [Object],
211 silly install resolved        [Object],
211 silly install resolved        [Object],
211 silly install resolved        [Object],
211 silly install resolved        [Object],
211 silly install resolved        [Object] ],
211 silly install resolved     devDependencies:
211 silly install resolved      { bindings: '~1.2.1',
211 silly install resolved        'node-gyp': '~1.0.2',
211 silly install resolved        pangyp: '~2.0.1',
211 silly install resolved        tap: '~0.7.1',
211 silly install resolved        xtend: '~4.0.0' },
211 silly install resolved     license: 'MIT',
211 silly install resolved     gitHead: 'ed3bbf4ced0cf7937b4e4164766797f71aa97f3d',
211 silly install resolved     bugs: { url: 'https://github.com/iojs/nan/issues' },
211 silly install resolved     homepage: 'https://github.com/iojs/nan#readme',
211 silly install resolved     _id: 'nan@1.8.4',
211 silly install resolved     _shasum: '3c76b5382eab33e44b758d2813ca9d92e9342f34',
211 silly install resolved     _from: 'nan@>=1.8.4 <2.0.0',
211 silly install resolved     _npmVersion: '2.8.3',
211 silly install resolved     _nodeVersion: '0.12.2',
211 silly install resolved     _npmUser: { name: 'kkoopa', email: 'bbyholm@abo.fi' },
211 silly install resolved     maintainers: [ [Object], [Object] ],
211 silly install resolved     dist:
211 silly install resolved      { shasum: '3c76b5382eab33e44b758d2813ca9d92e9342f34',
211 silly install resolved        tarball: 'http://registry.npmjs.org/nan/-/nan-1.8.4.tgz' },
211 silly install resolved     directories: {},
211 silly install resolved     _resolved: 'https://registry.npmjs.org/nan/-/nan-1.8.4.tgz',
211 silly install resolved     readme: 'ERROR: No README data found!' },
211 silly install resolved   { name: 'color',
211 silly install resolved     version: '0.8.0',
211 silly install resolved     description: 'Color conversion and manipulation with CSS string support',
211 silly install resolved     keywords: [ 'color', 'colour', 'css' ],
211 silly install resolved     authors: [ 'Heather Arthur <fayearthur@gmail.com>', 'Maxime Thirouin' ],
211 silly install resolved     license: 'MIT',
211 silly install resolved     repository: { type: 'git', url: 'http://github.com/harthur/color.git' },
211 silly install resolved     files: [ 'CHANGELOG.md', 'LICENSE', 'index.js' ],
211 silly install resolved     scripts: { test: 'node test' },
211 silly install resolved     dependencies: { 'color-convert': '^0.5.0', 'color-string': '^0.3.0' },
211 silly install resolved     gitHead: '3448a7eed6c3cec40e1284ee385ffbe9288dbf66',
211 silly install resolved     bugs: { url: 'https://github.com/harthur/color/issues' },
211 silly install resolved     homepage: 'https://github.com/harthur/color',
211 silly install resolved     _id: 'color@0.8.0',
211 silly install resolved     _shasum: '890c07c3fd4e649537638911cf691e5458b6fca5',
211 silly install resolved     _from: 'color@>=0.8.0 <0.9.0',
211 silly install resolved     _npmVersion: '2.5.1',
211 silly install resolved     _nodeVersion: '0.12.0',
211 silly install resolved     _npmUser: { name: 'moox', email: 'm@moox.io' },
211 silly install resolved     maintainers: [ [Object], [Object] ],
211 silly install resolved     dist:
211 silly install resolved      { shasum: '890c07c3fd4e649537638911cf691e5458b6fca5',
211 silly install resolved        tarball: 'http://registry.npmjs.org/color/-/color-0.8.0.tgz' },
211 silly install resolved     directories: {},
211 silly install resolved     _resolved: 'https://registry.npmjs.org/color/-/color-0.8.0.tgz',
211 silly install resolved     readme: 'ERROR: No README data found!' } ]
212 info install semver@4.3.6 into /Users/bardock/Sites/eakigbo/node_modules/sharp
213 info install bluebird@2.9.30 into /Users/bardock/Sites/eakigbo/node_modules/sharp
214 info install nan@1.8.4 into /Users/bardock/Sites/eakigbo/node_modules/sharp
215 info install color@0.8.0 into /Users/bardock/Sites/eakigbo/node_modules/sharp
216 info installOne semver@4.3.6
217 verbose installOne of semver to /Users/bardock/Sites/eakigbo/node_modules/sharp not in flight; installing
218 info installOne bluebird@2.9.30
219 verbose installOne of bluebird to /Users/bardock/Sites/eakigbo/node_modules/sharp not in flight; installing
220 info installOne nan@1.8.4
221 verbose installOne of nan to /Users/bardock/Sites/eakigbo/node_modules/sharp not in flight; installing
222 info installOne color@0.8.0
223 verbose installOne of color to /Users/bardock/Sites/eakigbo/node_modules/sharp not in flight; installing
224 verbose lock using /Users/bardock/.npm/_locks/semver-21a8a515d4668284.lock for /Users/bardock/Sites/eakigbo/node_modules/sharp/node_modules/semver
225 verbose lock using /Users/bardock/.npm/_locks/bluebird-c77c709d90a474b8.lock for /Users/bardock/Sites/eakigbo/node_modules/sharp/node_modules/bluebird
226 silly install write writing semver 4.3.6 to /Users/bardock/Sites/eakigbo/node_modules/sharp/node_modules/semver
227 verbose lock using /Users/bardock/.npm/_locks/nan-78eef0fa4973db9f.lock for /Users/bardock/Sites/eakigbo/node_modules/sharp/node_modules/nan
228 silly install write writing bluebird 2.9.30 to /Users/bardock/Sites/eakigbo/node_modules/sharp/node_modules/bluebird
229 verbose lock using /Users/bardock/.npm/_locks/color-5dfdab208aaae4d7.lock for /Users/bardock/Sites/eakigbo/node_modules/sharp/node_modules/color
230 silly install write writing nan 1.8.4 to /Users/bardock/Sites/eakigbo/node_modules/sharp/node_modules/nan
231 silly install write writing color 0.8.0 to /Users/bardock/Sites/eakigbo/node_modules/sharp/node_modules/color
232 verbose unbuild node_modules/sharp/node_modules/bluebird
233 verbose unbuild node_modules/sharp/node_modules/semver
234 verbose unbuild node_modules/sharp/node_modules/nan
235 verbose unbuild node_modules/sharp/node_modules/color
236 silly gentlyRm /Users/bardock/Sites/eakigbo/node_modules/sharp/node_modules/bluebird is being purged from base /Users/bardock/Sites/eakigbo
237 verbose gentlyRm don't care about contents; nuking /Users/bardock/Sites/eakigbo/node_modules/sharp/node_modules/bluebird
238 silly gentlyRm /Users/bardock/Sites/eakigbo/node_modules/sharp/node_modules/semver is being purged from base /Users/bardock/Sites/eakigbo
239 verbose gentlyRm don't care about contents; nuking /Users/bardock/Sites/eakigbo/node_modules/sharp/node_modules/semver
240 silly gentlyRm /Users/bardock/Sites/eakigbo/node_modules/sharp/node_modules/nan is being purged from base /Users/bardock/Sites/eakigbo
241 verbose gentlyRm don't care about contents; nuking /Users/bardock/Sites/eakigbo/node_modules/sharp/node_modules/nan
242 silly gentlyRm /Users/bardock/Sites/eakigbo/node_modules/sharp/node_modules/color is being purged from base /Users/bardock/Sites/eakigbo
243 verbose gentlyRm don't care about contents; nuking /Users/bardock/Sites/eakigbo/node_modules/sharp/node_modules/color
244 verbose tar unpack /Users/bardock/.npm/bluebird/2.9.30/package.tgz
245 verbose tar unpacking to /Users/bardock/Sites/eakigbo/node_modules/sharp/node_modules/bluebird
246 silly gentlyRm /Users/bardock/Sites/eakigbo/node_modules/sharp/node_modules/bluebird is being purged
247 verbose gentlyRm don't care about contents; nuking /Users/bardock/Sites/eakigbo/node_modules/sharp/node_modules/bluebird
248 verbose tar unpack /Users/bardock/.npm/semver/4.3.6/package.tgz
249 verbose tar unpacking to /Users/bardock/Sites/eakigbo/node_modules/sharp/node_modules/semver
250 silly gentlyRm /Users/bardock/Sites/eakigbo/node_modules/sharp/node_modules/semver is being purged
251 verbose gentlyRm don't care about contents; nuking /Users/bardock/Sites/eakigbo/node_modules/sharp/node_modules/semver
252 verbose tar unpack /Users/bardock/.npm/nan/1.8.4/package.tgz
253 verbose tar unpacking to /Users/bardock/Sites/eakigbo/node_modules/sharp/node_modules/nan
254 silly gentlyRm /Users/bardock/Sites/eakigbo/node_modules/sharp/node_modules/nan is being purged
255 verbose gentlyRm don't care about contents; nuking /Users/bardock/Sites/eakigbo/node_modules/sharp/node_modules/nan
256 verbose tar unpack /Users/bardock/.npm/color/0.8.0/package.tgz
257 verbose tar unpacking to /Users/bardock/Sites/eakigbo/node_modules/sharp/node_modules/color
258 silly gentlyRm /Users/bardock/Sites/eakigbo/node_modules/sharp/node_modules/color is being purged
259 verbose gentlyRm don't care about contents; nuking /Users/bardock/Sites/eakigbo/node_modules/sharp/node_modules/color
260 silly gunzTarPerm modes [ '755', '644' ]
261 silly gunzTarPerm modes [ '755', '644' ]
262 silly gunzTarPerm modes [ '755', '644' ]
263 silly gunzTarPerm modes [ '755', '644' ]
264 silly gunzTarPerm extractEntry package.json
265 silly gunzTarPerm modified mode [ 'package.json', 436, 420 ]
266 silly gunzTarPerm extractEntry package.json
267 silly gunzTarPerm extractEntry package.json
268 silly gunzTarPerm modified mode [ 'package.json', 436, 420 ]
269 silly gunzTarPerm extractEntry package.json
270 silly gunzTarPerm extractEntry README.md
271 silly gunzTarPerm modified mode [ 'README.md', 436, 420 ]
272 silly gunzTarPerm extractEntry LICENSE
273 silly gunzTarPerm modified mode [ 'LICENSE', 436, 420 ]
274 silly gunzTarPerm extractEntry .npmignore
275 silly gunzTarPerm extractEntry README.md
276 silly gunzTarPerm extractEntry README.md
277 silly gunzTarPerm modified mode [ 'README.md', 436, 420 ]
278 silly gunzTarPerm extractEntry README.md
279 silly gunzTarPerm extractEntry LICENSE
280 silly gunzTarPerm extractEntry include_dirs.js
281 silly gunzTarPerm modified mode [ 'include_dirs.js', 436, 420 ]
282 silly gunzTarPerm extractEntry LICENSE
283 silly gunzTarPerm extractEntry semver.browser.js
284 silly gunzTarPerm extractEntry semver.js
285 silly gunzTarPerm extractEntry semver.min.js
286 silly gunzTarPerm extractEntry foot.js.txt
287 silly gunzTarPerm extractEntry semver.min.js.gz
288 silly gunzTarPerm extractEntry test/amd.js
289 silly gunzTarPerm extractEntry test/big-numbers.js
290 silly gunzTarPerm extractEntry test/clean.js
291 silly gunzTarPerm extractEntry test/gtr.js
292 silly gunzTarPerm extractEntry test/index.js
293 silly gunzTarPerm extractEntry test/ltr.js
294 silly gunzTarPerm extractEntry test/major-minor-patch.js
295 silly gunzTarPerm extractEntry test/no-module.js
296 silly gunzTarPerm extractEntry Makefile
297 silly gunzTarPerm extractEntry semver.browser.js.gz
298 silly gunzTarPerm extractEntry .travis.yml
299 silly gunzTarPerm extractEntry bin/semver
300 silly gunzTarPerm extractEntry head.js.txt
301 silly gunzTarPerm extractEntry changelog.md
302 silly gunzTarPerm modified mode [ 'changelog.md', 436, 420 ]
303 silly gunzTarPerm extractEntry js/browser/bluebird.js
304 silly gunzTarPerm modified mode [ 'js/browser/bluebird.js', 436, 420 ]
305 silly gunzTarPerm extractEntry index.js
306 silly gunzTarPerm extractEntry CHANGELOG.md
307 silly gunzTarPerm extractEntry LICENSE.md
308 silly gunzTarPerm modified mode [ 'LICENSE.md', 436, 420 ]
309 silly gunzTarPerm extractEntry .dntrc
310 silly gunzTarPerm modified mode [ '.dntrc', 436, 420 ]
311 silly gunzTarPerm extractEntry appveyor.yml
312 silly gunzTarPerm modified mode [ 'appveyor.yml', 436, 420 ]
313 silly gunzTarPerm extractEntry js/browser/bluebird.min.js
314 silly gunzTarPerm modified mode [ 'js/browser/bluebird.min.js', 436, 420 ]
315 silly gunzTarPerm extractEntry nan.h
316 silly gunzTarPerm modified mode [ 'nan.h', 436, 420 ]
317 silly gunzTarPerm extractEntry js/main/any.js
318 silly gunzTarPerm modified mode [ 'js/main/any.js', 436, 420 ]
319 silly gunzTarPerm extractEntry nan_implementation_12_inl.h
320 silly gunzTarPerm modified mode [ 'nan_implementation_12_inl.h', 436, 420 ]
321 verbose write writing to /Users/bardock/Sites/eakigbo/node_modules/sharp/node_modules/color/package.json
322 silly gunzTarPerm extractEntry js/main/finally.js
323 silly gunzTarPerm modified mode [ 'js/main/finally.js', 436, 420 ]
324 silly gunzTarPerm extractEntry js/main/generators.js
325 silly gunzTarPerm modified mode [ 'js/main/generators.js', 436, 420 ]
326 silly gunzTarPerm extractEntry js/main/join.js
327 silly gunzTarPerm modified mode [ 'js/main/join.js', 436, 420 ]
328 info preinstall color@0.8.0
329 verbose readDependencies loading dependencies from /Users/bardock/Sites/eakigbo/node_modules/sharp/node_modules/color/package.json
330 silly prepareForInstallMany adding color-convert@^0.5.0 from color dependencies
331 silly prepareForInstallMany adding color-string@^0.3.0 from color dependencies
332 verbose readDependencies loading dependencies from /Users/bardock/Sites/eakigbo/node_modules/sharp/node_modules/color/package.json
333 silly gunzTarPerm extractEntry nan_implementation_pre_12_inl.h
334 silly gunzTarPerm modified mode [ 'nan_implementation_pre_12_inl.h', 436, 420 ]
335 silly cache add args [ 'color-convert@^0.5.0', null ]
336 verbose cache add spec color-convert@^0.5.0
337 silly cache add args [ 'color-string@^0.3.0', null ]
338 verbose cache add spec color-string@^0.3.0
339 silly cache add parsed spec { raw: 'color-convert@^0.5.0',
339 silly cache add   scope: null,
339 silly cache add   name: 'color-convert',
339 silly cache add   rawSpec: '^0.5.0',
339 silly cache add   spec: '>=0.5.0 <0.6.0',
339 silly cache add   type: 'range' }
340 silly addNamed color-convert@>=0.5.0 <0.6.0
341 verbose addNamed ">=0.5.0 <0.6.0" is a valid semver range for color-convert
342 silly addNameRange { name: 'color-convert',
342 silly addNameRange   range: '>=0.5.0 <0.6.0',
342 silly addNameRange   hasData: false }
343 silly mapToRegistry name color-convert
344 silly mapToRegistry using default registry
345 silly mapToRegistry registry https://registry.npmjs.org/
346 silly mapToRegistry uri https://registry.npmjs.org/color-convert
347 verbose addNameRange registry:https://registry.npmjs.org/color-convert not in flight; fetching
348 silly cache add parsed spec { raw: 'color-string@^0.3.0',
348 silly cache add   scope: null,
348 silly cache add   name: 'color-string',
348 silly cache add   rawSpec: '^0.3.0',
348 silly cache add   spec: '>=0.3.0 <0.4.0',
348 silly cache add   type: 'range' }
349 silly addNamed color-string@>=0.3.0 <0.4.0
350 verbose addNamed ">=0.3.0 <0.4.0" is a valid semver range for color-string
351 silly addNameRange { name: 'color-string', range: '>=0.3.0 <0.4.0', hasData: false }
352 silly mapToRegistry name color-string
353 silly mapToRegistry using default registry
354 silly mapToRegistry registry https://registry.npmjs.org/
355 silly mapToRegistry uri https://registry.npmjs.org/color-string
356 verbose addNameRange registry:https://registry.npmjs.org/color-string not in flight; fetching
357 verbose request uri https://registry.npmjs.org/color-convert
358 verbose request no auth needed
359 info attempt registry request try #1 at 7:55:52 PM
360 verbose etag "ABGCQXFMXSJAZZIQKZQSQL7JY"
361 http request GET https://registry.npmjs.org/color-convert
362 verbose request uri https://registry.npmjs.org/color-string
363 verbose request no auth needed
364 info attempt registry request try #1 at 7:55:52 PM
365 verbose etag "AJZ68RJMRS8EEIQ061TH1NLT"
366 http request GET https://registry.npmjs.org/color-string
367 silly gunzTarPerm extractEntry js/main/filter.js
368 silly gunzTarPerm modified mode [ 'js/main/filter.js', 436, 420 ]
369 silly gunzTarPerm extractEntry nan_new.h
370 silly gunzTarPerm modified mode [ 'nan_new.h', 436, 420 ]
371 silly gunzTarPerm extractEntry nan_string_bytes.h
372 silly gunzTarPerm modified mode [ 'nan_string_bytes.h', 436, 420 ]
373 silly gunzTarPerm extractEntry CHANGELOG.md
374 silly gunzTarPerm modified mode [ 'CHANGELOG.md', 436, 420 ]
375 silly gunzTarPerm extractEntry js/main/method.js
376 silly gunzTarPerm modified mode [ 'js/main/method.js', 436, 420 ]
377 silly gunzTarPerm extractEntry js/main/nodeify.js
378 silly gunzTarPerm modified mode [ 'js/main/nodeify.js', 436, 420 ]
379 silly gunzTarPerm extractEntry js/main/progress.js
380 silly gunzTarPerm modified mode [ 'js/main/progress.js', 436, 420 ]
381 silly gunzTarPerm extractEntry js/main/promise.js
382 silly gunzTarPerm modified mode [ 'js/main/promise.js', 436, 420 ]
383 silly gunzTarPerm extractEntry js/main/promise_array.js
384 silly gunzTarPerm modified mode [ 'js/main/promise_array.js', 436, 420 ]
385 silly gunzTarPerm extractEntry js/main/es5.js
386 silly gunzTarPerm modified mode [ 'js/main/es5.js', 436, 420 ]
387 silly gunzTarPerm extractEntry js/main/promise_resolver.js
388 silly gunzTarPerm modified mode [ 'js/main/promise_resolver.js', 436, 420 ]
389 silly gunzTarPerm extractEntry js/main/errors.js
390 silly gunzTarPerm modified mode [ 'js/main/errors.js', 436, 420 ]
391 silly gunzTarPerm extractEntry js/main/promisify.js
392 silly gunzTarPerm modified mode [ 'js/main/promisify.js', 436, 420 ]
393 silly gunzTarPerm extractEntry js/main/each.js
394 silly gunzTarPerm modified mode [ 'js/main/each.js', 436, 420 ]
395 silly gunzTarPerm extractEntry js/main/props.js
396 silly gunzTarPerm modified mode [ 'js/main/props.js', 436, 420 ]
397 silly gunzTarPerm extractEntry js/main/direct_resolve.js
398 silly gunzTarPerm modified mode [ 'js/main/direct_resolve.js', 436, 420 ]
399 verbose write writing to /Users/bardock/Sites/eakigbo/node_modules/sharp/node_modules/nan/package.json
400 silly gunzTarPerm extractEntry js/main/queue.js
401 silly gunzTarPerm modified mode [ 'js/main/queue.js', 436, 420 ]
402 info preinstall nan@1.8.4
403 verbose readDependencies loading dependencies from /Users/bardock/Sites/eakigbo/node_modules/sharp/node_modules/nan/package.json
404 verbose readDependencies loading dependencies from /Users/bardock/Sites/eakigbo/node_modules/sharp/node_modules/nan/package.json
405 silly install resolved []
406 verbose about to build /Users/bardock/Sites/eakigbo/node_modules/sharp/node_modules/nan
407 info build /Users/bardock/Sites/eakigbo/node_modules/sharp/node_modules/nan
408 info linkStuff nan@1.8.4
409 silly linkStuff nan@1.8.4 has /Users/bardock/Sites/eakigbo/node_modules/sharp/node_modules as its parent node_modules
410 silly gunzTarPerm extractEntry js/main/debuggability.js
411 silly gunzTarPerm modified mode [ 'js/main/debuggability.js', 436, 420 ]
412 silly gunzTarPerm extractEntry js/main/race.js
413 silly gunzTarPerm modified mode [ 'js/main/race.js', 436, 420 ]
414 silly gunzTarPerm extractEntry js/main/context.js
415 silly gunzTarPerm modified mode [ 'js/main/context.js', 436, 420 ]
416 verbose linkBins nan@1.8.4
417 verbose linkMans nan@1.8.4
418 verbose rebuildBundles nan@1.8.4
419 info install nan@1.8.4
420 info postinstall nan@1.8.4
421 verbose unlock done using /Users/bardock/.npm/_locks/nan-78eef0fa4973db9f.lock for /Users/bardock/Sites/eakigbo/node_modules/sharp/node_modules/nan
422 verbose write writing to /Users/bardock/Sites/eakigbo/node_modules/sharp/node_modules/semver/package.json
423 silly gunzTarPerm extractEntry js/main/reduce.js
424 silly gunzTarPerm modified mode [ 'js/main/reduce.js', 436, 420 ]
425 info preinstall semver@4.3.6
426 verbose readDependencies loading dependencies from /Users/bardock/Sites/eakigbo/node_modules/sharp/node_modules/semver/package.json
427 verbose readDependencies loading dependencies from /Users/bardock/Sites/eakigbo/node_modules/sharp/node_modules/semver/package.json
428 silly install resolved []
429 verbose about to build /Users/bardock/Sites/eakigbo/node_modules/sharp/node_modules/semver
430 info build /Users/bardock/Sites/eakigbo/node_modules/sharp/node_modules/semver
431 info linkStuff semver@4.3.6
432 silly linkStuff semver@4.3.6 has /Users/bardock/Sites/eakigbo/node_modules/sharp/node_modules as its parent node_modules
433 silly gunzTarPerm extractEntry js/main/catch_filter.js
434 silly gunzTarPerm modified mode [ 'js/main/catch_filter.js', 436, 420 ]
435 verbose linkBins semver@4.3.6
436 verbose link bins [ { semver: './bin/semver' },
436 verbose link bins   '/Users/bardock/Sites/eakigbo/node_modules/sharp/node_modules/.bin',
436 verbose link bins   false ]
437 verbose linkMans semver@4.3.6
438 verbose rebuildBundles semver@4.3.6
439 silly gentlyRm /Users/bardock/Sites/eakigbo/node_modules/sharp/node_modules/.bin/semver is being purged
440 verbose gentlyRm don't care about contents; nuking /Users/bardock/Sites/eakigbo/node_modules/sharp/node_modules/.bin/semver
441 info install semver@4.3.6
442 info postinstall semver@4.3.6
443 verbose unlock done using /Users/bardock/.npm/_locks/semver-21a8a515d4668284.lock for /Users/bardock/Sites/eakigbo/node_modules/sharp/node_modules/semver
444 silly gunzTarPerm extractEntry js/main/schedule.js
445 silly gunzTarPerm modified mode [ 'js/main/schedule.js', 436, 420 ]
446 silly gunzTarPerm extractEntry js/main/captured_trace.js
447 silly gunzTarPerm modified mode [ 'js/main/captured_trace.js', 436, 420 ]
448 silly gunzTarPerm extractEntry js/main/settle.js
449 silly gunzTarPerm modified mode [ 'js/main/settle.js', 436, 420 ]
450 silly gunzTarPerm extractEntry js/main/cancel.js
451 silly gunzTarPerm modified mode [ 'js/main/cancel.js', 436, 420 ]
452 silly gunzTarPerm extractEntry js/main/some.js
453 silly gunzTarPerm modified mode [ 'js/main/some.js', 436, 420 ]
454 silly gunzTarPerm extractEntry js/main/call_get.js
455 silly gunzTarPerm modified mode [ 'js/main/call_get.js', 436, 420 ]
456 silly gunzTarPerm extractEntry js/main/synchronous_inspection.js
457 silly gunzTarPerm modified mode [ 'js/main/synchronous_inspection.js', 436, 420 ]
458 silly gunzTarPerm extractEntry js/main/bluebird.js
459 silly gunzTarPerm modified mode [ 'js/main/bluebird.js', 436, 420 ]
460 silly gunzTarPerm extractEntry js/main/thenables.js
461 silly gunzTarPerm modified mode [ 'js/main/thenables.js', 436, 420 ]
462 silly gunzTarPerm extractEntry js/main/bind.js
463 silly gunzTarPerm modified mode [ 'js/main/bind.js', 436, 420 ]
464 silly gunzTarPerm extractEntry js/main/timers.js
465 silly gunzTarPerm modified mode [ 'js/main/timers.js', 436, 420 ]
466 silly gunzTarPerm extractEntry js/main/async.js
467 silly gunzTarPerm modified mode [ 'js/main/async.js', 436, 420 ]
468 silly gunzTarPerm extractEntry js/main/using.js
469 silly gunzTarPerm modified mode [ 'js/main/using.js', 436, 420 ]
470 silly gunzTarPerm extractEntry js/main/assert.js
471 silly gunzTarPerm modified mode [ 'js/main/assert.js', 436, 420 ]
472 silly gunzTarPerm extractEntry js/main/util.js
473 silly gunzTarPerm modified mode [ 'js/main/util.js', 436, 420 ]
474 silly gunzTarPerm extractEntry js/main/map.js
475 silly gunzTarPerm modified mode [ 'js/main/map.js', 436, 420 ]
476 verbose write writing to /Users/bardock/Sites/eakigbo/node_modules/sharp/node_modules/bluebird/package.json
477 info preinstall bluebird@2.9.30
478 verbose readDependencies loading dependencies from /Users/bardock/Sites/eakigbo/node_modules/sharp/node_modules/bluebird/package.json
479 verbose readDependencies loading dependencies from /Users/bardock/Sites/eakigbo/node_modules/sharp/node_modules/bluebird/package.json
480 silly install resolved []
481 verbose about to build /Users/bardock/Sites/eakigbo/node_modules/sharp/node_modules/bluebird
482 info build /Users/bardock/Sites/eakigbo/node_modules/sharp/node_modules/bluebird
483 info linkStuff bluebird@2.9.30
484 silly linkStuff bluebird@2.9.30 has /Users/bardock/Sites/eakigbo/node_modules/sharp/node_modules as its parent node_modules
485 verbose linkBins bluebird@2.9.30
486 verbose linkMans bluebird@2.9.30
487 verbose rebuildBundles bluebird@2.9.30
488 info install bluebird@2.9.30
489 info postinstall bluebird@2.9.30
490 verbose unlock done using /Users/bardock/.npm/_locks/bluebird-c77c709d90a474b8.lock for /Users/bardock/Sites/eakigbo/node_modules/sharp/node_modules/bluebird
491 http 304 https://registry.npmjs.org/color-convert
492 silly get cb [ 304,
492 silly get   { date: 'Wed, 17 Jun 2015 09:36:30 GMT',
492 silly get     via: '1.1 varnish',
492 silly get     'cache-control': 'max-age=60',
492 silly get     etag: '"ABGCQXFMXSJAZZIQKZQSQL7JY"',
492 silly get     age: '18',
492 silly get     connection: 'keep-alive',
492 silly get     'x-served-by': 'cache-syd1625-SYD',
492 silly get     'x-cache': 'HIT',
492 silly get     'x-cache-hits': '1',
492 silly get     'x-timer': 'S1434533790.922037,VS0,VE0',
492 silly get     vary: 'Accept' } ]
493 verbose etag https://registry.npmjs.org/color-convert from cache
494 verbose get saving color-convert to /Users/bardock/.npm/registry.npmjs.org/color-convert/.cache.json
495 silly addNameRange number 2 { name: 'color-convert', range: '>=0.5.0 <0.6.0', hasData: true }
496 silly addNameRange versions [ 'color-convert',
496 silly addNameRange   [ '0.1.0',
496 silly addNameRange     '0.2.0',
496 silly addNameRange     '0.2.1',
496 silly addNameRange     '0.3.0',
496 silly addNameRange     '0.3.1',
496 silly addNameRange     '0.3.4',
496 silly addNameRange     '0.4.0',
496 silly addNameRange     '0.5.0',
496 silly addNameRange     '0.5.1',
496 silly addNameRange     '0.5.2',
496 silly addNameRange     '0.5.3' ] ]
497 silly addNamed color-convert@0.5.3
498 verbose addNamed "0.5.3" is a plain semver version for color-convert
499 silly cache afterAdd color-convert@0.5.3
500 verbose afterAdd /Users/bardock/.npm/color-convert/0.5.3/package/package.json not in flight; writing
501 verbose afterAdd /Users/bardock/.npm/color-convert/0.5.3/package/package.json written
502 http 304 https://registry.npmjs.org/color-string
503 silly get cb [ 304,
503 silly get   { date: 'Wed, 17 Jun 2015 09:36:31 GMT',
503 silly get     via: '1.1 varnish',
503 silly get     'cache-control': 'max-age=60',
503 silly get     etag: '"AJZ68RJMRS8EEIQ061TH1NLT"',
503 silly get     age: '17',
503 silly get     connection: 'keep-alive',
503 silly get     'x-served-by': 'cache-syd1621-SYD',
503 silly get     'x-cache': 'HIT',
503 silly get     'x-cache-hits': '1',
503 silly get     'x-timer': 'S1434533791.118991,VS0,VE0',
503 silly get     vary: 'Accept' } ]
504 verbose etag https://registry.npmjs.org/color-string from cache
505 verbose get saving color-string to /Users/bardock/.npm/registry.npmjs.org/color-string/.cache.json
506 silly addNameRange number 2 { name: 'color-string', range: '>=0.3.0 <0.4.0', hasData: true }
507 silly addNameRange versions [ 'color-string',
507 silly addNameRange   [ '0.1.0',
507 silly addNameRange     '0.1.1',
507 silly addNameRange     '0.1.2',
507 silly addNameRange     '0.1.3',
507 silly addNameRange     '0.2.0',
507 silly addNameRange     '0.2.1',
507 silly addNameRange     '0.2.2',
507 silly addNameRange     '0.2.3',
507 silly addNameRange     '0.2.4',
507 silly addNameRange     '0.3.0' ] ]
508 silly addNamed color-string@0.3.0
509 verbose addNamed "0.3.0" is a plain semver version for color-string
510 silly cache afterAdd color-string@0.3.0
511 verbose afterAdd /Users/bardock/.npm/color-string/0.3.0/package/package.json not in flight; writing
512 verbose afterAdd /Users/bardock/.npm/color-string/0.3.0/package/package.json written
513 silly install resolved [ { name: 'color-convert',
513 silly install resolved     description: 'Plain color conversion functions',
513 silly install resolved     version: '0.5.3',
513 silly install resolved     author: { name: 'Heather Arthur', email: 'fayearthur@gmail.com' },
513 silly install resolved     repository:
513 silly install resolved      { type: 'git',
513 silly install resolved        url: 'git+ssh://git@github.com/harthur/color-convert.git' },
513 silly install resolved     devDependencies: {},
513 silly install resolved     scripts: { test: 'node test/basic.js' },
513 silly install resolved     keywords: [ 'color', 'colour', 'rgb' ],
513 silly install resolved     gitHead: 'c05e34eb75de749faf15f0e362147a6add373625',
513 silly install resolved     bugs: { url: 'https://github.com/harthur/color-convert/issues' },
513 silly install resolved     homepage: 'https://github.com/harthur/color-convert#readme',
513 silly install resolved     _id: 'color-convert@0.5.3',
513 silly install resolved     _shasum: 'bdb6c69ce660fadffe0b0007cc447e1b9f7282bd',
513 silly install resolved     _from: 'color-convert@>=0.5.0 <0.6.0',
513 silly install resolved     _npmVersion: '2.9.0',
513 silly install resolved     _nodeVersion: '2.0.1',
513 silly install resolved     _npmUser: { name: 'moox', email: 'm@moox.io' },
513 silly install resolved     maintainers: [ [Object], [Object] ],
513 silly install resolved     dist:
513 silly install resolved      { shasum: 'bdb6c69ce660fadffe0b0007cc447e1b9f7282bd',
513 silly install resolved        tarball: 'http://registry.npmjs.org/color-convert/-/color-convert-0.5.3.tgz' },
513 silly install resolved     directories: {},
513 silly install resolved     _resolved: 'https://registry.npmjs.org/color-convert/-/color-convert-0.5.3.tgz',
513 silly install resolved     readme: 'ERROR: No README data found!' },
513 silly install resolved   { name: 'color-string',
513 silly install resolved     description: 'Parser and generator for CSS color strings',
513 silly install resolved     version: '0.3.0',
513 silly install resolved     author: { name: 'Heather Arthur', email: 'fayearthur@gmail.com' },
513 silly install resolved     contributors: [ [Object], [Object] ],
513 silly install resolved     repository:
513 silly install resolved      { type: 'git',
513 silly install resolved        url: 'http://github.com/harthur/color-string.git' },
513 silly install resolved     scripts: { test: 'node test/basic.js' },
513 silly install resolved     license: 'MIT',
513 silly install resolved     main: './color-string',
513 silly install resolved     dependencies: { 'color-name': '^1.0.0' },
513 silly install resolved     devDependencies: {},
513 silly install resolved     keywords: [ 'color', 'colour', 'rgb', 'css' ],
513 silly install resolved     gitHead: 'cb3a23eeadb4abe4a9233c7ba49c731bcb1cfb0a',
513 silly install resolved     bugs: { url: 'https://github.com/harthur/color-string/issues' },
513 silly install resolved     homepage: 'https://github.com/harthur/color-string',
513 silly install resolved     _id: 'color-string@0.3.0',
513 silly install resolved     _shasum: '27d46fb67025c5c2fa25993bfbf579e47841b991',
513 silly install resolved     _from: 'color-string@>=0.3.0 <0.4.0',
513 silly install resolved     _npmVersion: '2.5.1',
513 silly install resolved     _nodeVersion: '0.12.0',
513 silly install resolved     _npmUser: { name: 'moox', email: 'm@moox.io' },
513 silly install resolved     maintainers: [ [Object], [Object] ],
513 silly install resolved     dist:
513 silly install resolved      { shasum: '27d46fb67025c5c2fa25993bfbf579e47841b991',
513 silly install resolved        tarball: 'http://registry.npmjs.org/color-string/-/color-string-0.3.0.tgz' },
513 silly install resolved     directories: {},
513 silly install resolved     _resolved: 'https://registry.npmjs.org/color-string/-/color-string-0.3.0.tgz',
513 silly install resolved     readme: 'ERROR: No README data found!' } ]
514 info install color-convert@0.5.3 into /Users/bardock/Sites/eakigbo/node_modules/sharp/node_modules/color
515 info install color-string@0.3.0 into /Users/bardock/Sites/eakigbo/node_modules/sharp/node_modules/color
516 info installOne color-convert@0.5.3
517 verbose installOne of color-convert to /Users/bardock/Sites/eakigbo/node_modules/sharp/node_modules/color not in flight; installing
518 info installOne color-string@0.3.0
519 verbose installOne of color-string to /Users/bardock/Sites/eakigbo/node_modules/sharp/node_modules/color not in flight; installing
520 verbose lock using /Users/bardock/.npm/_locks/color-convert-df5557af28e75297.lock for /Users/bardock/Sites/eakigbo/node_modules/sharp/node_modules/color/node_modules/color-convert
521 silly install write writing color-convert 0.5.3 to /Users/bardock/Sites/eakigbo/node_modules/sharp/node_modules/color/node_modules/color-convert
522 verbose lock using /Users/bardock/.npm/_locks/color-string-2ec006f6c4834dd7.lock for /Users/bardock/Sites/eakigbo/node_modules/sharp/node_modules/color/node_modules/color-string
523 silly install write writing color-string 0.3.0 to /Users/bardock/Sites/eakigbo/node_modules/sharp/node_modules/color/node_modules/color-string
524 verbose unbuild node_modules/sharp/node_modules/color/node_modules/color-convert
525 verbose unbuild node_modules/sharp/node_modules/color/node_modules/color-string
526 silly gentlyRm /Users/bardock/Sites/eakigbo/node_modules/sharp/node_modules/color/node_modules/color-convert is being purged from base /Users/bardock/Sites/eakigbo
527 verbose gentlyRm don't care about contents; nuking /Users/bardock/Sites/eakigbo/node_modules/sharp/node_modules/color/node_modules/color-convert
528 silly gentlyRm /Users/bardock/Sites/eakigbo/node_modules/sharp/node_modules/color/node_modules/color-string is being purged from base /Users/bardock/Sites/eakigbo
529 verbose gentlyRm don't care about contents; nuking /Users/bardock/Sites/eakigbo/node_modules/sharp/node_modules/color/node_modules/color-string
530 verbose tar unpack /Users/bardock/.npm/color-convert/0.5.3/package.tgz
531 verbose tar unpacking to /Users/bardock/Sites/eakigbo/node_modules/sharp/node_modules/color/node_modules/color-convert
532 silly gentlyRm /Users/bardock/Sites/eakigbo/node_modules/sharp/node_modules/color/node_modules/color-convert is being purged
533 verbose gentlyRm don't care about contents; nuking /Users/bardock/Sites/eakigbo/node_modules/sharp/node_modules/color/node_modules/color-convert
534 verbose tar unpack /Users/bardock/.npm/color-string/0.3.0/package.tgz
535 verbose tar unpacking to /Users/bardock/Sites/eakigbo/node_modules/sharp/node_modules/color/node_modules/color-string
536 silly gentlyRm /Users/bardock/Sites/eakigbo/node_modules/sharp/node_modules/color/node_modules/color-string is being purged
537 verbose gentlyRm don't care about contents; nuking /Users/bardock/Sites/eakigbo/node_modules/sharp/node_modules/color/node_modules/color-string
538 silly gunzTarPerm modes [ '755', '644' ]
539 silly gunzTarPerm modes [ '755', '644' ]
540 silly gunzTarPerm extractEntry package.json
541 silly gunzTarPerm extractEntry package.json
542 silly gunzTarPerm extractEntry README.md
543 silly gunzTarPerm extractEntry LICENSE
544 silly gunzTarPerm extractEntry README.md
545 silly gunzTarPerm extractEntry LICENSE
546 silly gunzTarPerm extractEntry conversions.js
547 silly gunzTarPerm extractEntry index.js
548 silly gunzTarPerm extractEntry .travis.yml
549 silly gunzTarPerm extractEntry CHANGELOG.md
550 silly gunzTarPerm extractEntry component.json
551 silly gunzTarPerm extractEntry test/basic.js
552 silly gunzTarPerm extractEntry test/speed.js
553 silly gunzTarPerm extractEntry color-string.js
554 silly gunzTarPerm extractEntry CHANGELOG.md
555 silly gunzTarPerm extractEntry test/basic.js
556 verbose write writing to /Users/bardock/Sites/eakigbo/node_modules/sharp/node_modules/color/node_modules/color-string/package.json
557 info preinstall color-string@0.3.0
558 verbose readDependencies loading dependencies from /Users/bardock/Sites/eakigbo/node_modules/sharp/node_modules/color/node_modules/color-string/package.json
559 silly prepareForInstallMany adding color-name@^1.0.0 from color-string dependencies
560 verbose readDependencies loading dependencies from /Users/bardock/Sites/eakigbo/node_modules/sharp/node_modules/color/node_modules/color-string/package.json
561 silly cache add args [ 'color-name@^1.0.0', null ]
562 verbose cache add spec color-name@^1.0.0
563 silly cache add parsed spec { raw: 'color-name@^1.0.0',
563 silly cache add   scope: null,
563 silly cache add   name: 'color-name',
563 silly cache add   rawSpec: '^1.0.0',
563 silly cache add   spec: '>=1.0.0 <2.0.0',
563 silly cache add   type: 'range' }
564 silly addNamed color-name@>=1.0.0 <2.0.0
565 verbose addNamed ">=1.0.0 <2.0.0" is a valid semver range for color-name
566 silly addNameRange { name: 'color-name', range: '>=1.0.0 <2.0.0', hasData: false }
567 silly mapToRegistry name color-name
568 silly mapToRegistry using default registry
569 silly mapToRegistry registry https://registry.npmjs.org/
570 silly mapToRegistry uri https://registry.npmjs.org/color-name
571 verbose addNameRange registry:https://registry.npmjs.org/color-name not in flight; fetching
572 verbose request uri https://registry.npmjs.org/color-name
573 verbose request no auth needed
574 info attempt registry request try #1 at 7:55:54 PM
575 verbose etag "52ADX74097S4E2A0Q14KM4VS8"
576 http request GET https://registry.npmjs.org/color-name
577 verbose write writing to /Users/bardock/Sites/eakigbo/node_modules/sharp/node_modules/color/node_modules/color-convert/package.json
578 info preinstall color-convert@0.5.3
579 verbose readDependencies loading dependencies from /Users/bardock/Sites/eakigbo/node_modules/sharp/node_modules/color/node_modules/color-convert/package.json
580 verbose readDependencies loading dependencies from /Users/bardock/Sites/eakigbo/node_modules/sharp/node_modules/color/node_modules/color-convert/package.json
581 silly install resolved []
582 verbose about to build /Users/bardock/Sites/eakigbo/node_modules/sharp/node_modules/color/node_modules/color-convert
583 info build /Users/bardock/Sites/eakigbo/node_modules/sharp/node_modules/color/node_modules/color-convert
584 info linkStuff color-convert@0.5.3
585 silly linkStuff color-convert@0.5.3 has /Users/bardock/Sites/eakigbo/node_modules/sharp/node_modules/color/node_modules as its parent node_modules
586 verbose linkBins color-convert@0.5.3
587 verbose linkMans color-convert@0.5.3
588 verbose rebuildBundles color-convert@0.5.3
589 info install color-convert@0.5.3
590 info postinstall color-convert@0.5.3
591 verbose unlock done using /Users/bardock/.npm/_locks/color-convert-df5557af28e75297.lock for /Users/bardock/Sites/eakigbo/node_modules/sharp/node_modules/color/node_modules/color-convert
592 http 304 https://registry.npmjs.org/color-name
593 silly get cb [ 304,
593 silly get   { date: 'Wed, 17 Jun 2015 09:36:31 GMT',
593 silly get     via: '1.1 varnish',
593 silly get     'cache-control': 'max-age=60',
593 silly get     etag: '"52ADX74097S4E2A0Q14KM4VS8"',
593 silly get     age: '16',
593 silly get     connection: 'keep-alive',
593 silly get     'x-served-by': 'cache-syd1621-SYD',
593 silly get     'x-cache': 'HIT',
593 silly get     'x-cache-hits': '1',
593 silly get     'x-timer': 'S1434533791.841204,VS0,VE0',
593 silly get     vary: 'Accept' } ]
594 verbose etag https://registry.npmjs.org/color-name from cache
595 verbose get saving color-name to /Users/bardock/.npm/registry.npmjs.org/color-name/.cache.json
596 silly addNameRange number 2 { name: 'color-name', range: '>=1.0.0 <2.0.0', hasData: true }
597 silly addNameRange versions [ 'color-name', [ '0.0.1', '0.0.2', '1.0.0' ] ]
598 silly addNamed color-name@1.0.0
599 verbose addNamed "1.0.0" is a plain semver version for color-name
600 silly cache afterAdd color-name@1.0.0
601 verbose afterAdd /Users/bardock/.npm/color-name/1.0.0/package/package.json not in flight; writing
602 verbose afterAdd /Users/bardock/.npm/color-name/1.0.0/package/package.json written
603 silly install resolved [ { name: 'color-name',
603 silly install resolved     version: '1.0.0',
603 silly install resolved     description: 'A list of color names and its values',
603 silly install resolved     main: 'index.json',
603 silly install resolved     scripts: { test: 'echo "Error: no test specified" && exit 1' },
603 silly install resolved     repository: { type: 'git', url: 'git@github.com:dfcreative/color-name.git' },
603 silly install resolved     keywords: [ 'color-name', 'color', 'color-keyword', 'keyword' ],
603 silly install resolved     author: { name: 'Dyma Ywanov' },
603 silly install resolved     license: 'unlicensed',
603 silly install resolved     bugs: { url: 'https://github.com/dfcreative/color-name/issues' },
603 silly install resolved     homepage: 'https://github.com/dfcreative/color-name',
603 silly install resolved     _id: 'color-name@1.0.0',
603 silly install resolved     dist:
603 silly install resolved      { shasum: 'ce3579a4ef43b672bee4f37e8876332b5a36e6b5',
603 silly install resolved        tarball: 'http://registry.npmjs.org/color-name/-/color-name-1.0.0.tgz' },
603 silly install resolved     _from: 'color-name@>=1.0.0 <2.0.0',
603 silly install resolved     _npmVersion: '1.3.24',
603 silly install resolved     _npmUser: { name: 'dfcreative', email: 'df.creative@gmail.com' },
603 silly install resolved     maintainers: [ [Object] ],
603 silly install resolved     directories: {},
603 silly install resolved     _shasum: 'ce3579a4ef43b672bee4f37e8876332b5a36e6b5',
603 silly install resolved     _resolved: 'https://registry.npmjs.org/color-name/-/color-name-1.0.0.tgz',
603 silly install resolved     readme: 'ERROR: No README data found!' } ]
604 info install color-name@1.0.0 into /Users/bardock/Sites/eakigbo/node_modules/sharp/node_modules/color/node_modules/color-string
605 info installOne color-name@1.0.0
606 verbose installOne of color-name to /Users/bardock/Sites/eakigbo/node_modules/sharp/node_modules/color/node_modules/color-string not in flight; installing
607 verbose lock using /Users/bardock/.npm/_locks/color-name-e3a8d00b0a6ef208.lock for /Users/bardock/Sites/eakigbo/node_modules/sharp/node_modules/color/node_modules/color-string/node_modules/color-name
608 silly install write writing color-name 1.0.0 to /Users/bardock/Sites/eakigbo/node_modules/sharp/node_modules/color/node_modules/color-string/node_modules/color-name
609 verbose unbuild node_modules/sharp/node_modules/color/node_modules/color-string/node_modules/color-name
610 silly gentlyRm /Users/bardock/Sites/eakigbo/node_modules/sharp/node_modules/color/node_modules/color-string/node_modules/color-name is being purged from base /Users/bardock/Sites/eakigbo
611 verbose gentlyRm don't care about contents; nuking /Users/bardock/Sites/eakigbo/node_modules/sharp/node_modules/color/node_modules/color-string/node_modules/color-name
612 verbose tar unpack /Users/bardock/.npm/color-name/1.0.0/package.tgz
613 verbose tar unpacking to /Users/bardock/Sites/eakigbo/node_modules/sharp/node_modules/color/node_modules/color-string/node_modules/color-name
614 silly gentlyRm /Users/bardock/Sites/eakigbo/node_modules/sharp/node_modules/color/node_modules/color-string/node_modules/color-name is being purged
615 verbose gentlyRm don't care about contents; nuking /Users/bardock/Sites/eakigbo/node_modules/sharp/node_modules/color/node_modules/color-string/node_modules/color-name
616 silly gunzTarPerm modes [ '755', '644' ]
617 silly gunzTarPerm extractEntry package.json
618 silly gunzTarPerm modified mode [ 'package.json', 438, 420 ]
619 silly gunzTarPerm extractEntry README.md
620 silly gunzTarPerm modified mode [ 'README.md', 438, 420 ]
621 silly gunzTarPerm extractEntry index.json
622 silly gunzTarPerm modified mode [ 'index.json', 438, 420 ]
623 silly gunzTarPerm extractEntry UNLICENSE
624 silly gunzTarPerm modified mode [ 'UNLICENSE', 438, 420 ]
625 verbose write writing to /Users/bardock/Sites/eakigbo/node_modules/sharp/node_modules/color/node_modules/color-string/node_modules/color-name/package.json
626 info preinstall color-name@1.0.0
627 verbose readDependencies loading dependencies from /Users/bardock/Sites/eakigbo/node_modules/sharp/node_modules/color/node_modules/color-string/node_modules/color-name/package.json
628 verbose readDependencies loading dependencies from /Users/bardock/Sites/eakigbo/node_modules/sharp/node_modules/color/node_modules/color-string/node_modules/color-name/package.json
629 silly install resolved []
630 verbose about to build /Users/bardock/Sites/eakigbo/node_modules/sharp/node_modules/color/node_modules/color-string/node_modules/color-name
631 info build /Users/bardock/Sites/eakigbo/node_modules/sharp/node_modules/color/node_modules/color-string/node_modules/color-name
632 info linkStuff color-name@1.0.0
633 silly linkStuff color-name@1.0.0 has /Users/bardock/Sites/eakigbo/node_modules/sharp/node_modules/color/node_modules/color-string/node_modules as its parent node_modules
634 verbose linkBins color-name@1.0.0
635 verbose linkMans color-name@1.0.0
636 verbose rebuildBundles color-name@1.0.0
637 info install color-name@1.0.0
638 info postinstall color-name@1.0.0
639 verbose unlock done using /Users/bardock/.npm/_locks/color-name-e3a8d00b0a6ef208.lock for /Users/bardock/Sites/eakigbo/node_modules/sharp/node_modules/color/node_modules/color-string/node_modules/color-name
640 verbose about to build /Users/bardock/Sites/eakigbo/node_modules/sharp/node_modules/color/node_modules/color-string
641 info build /Users/bardock/Sites/eakigbo/node_modules/sharp/node_modules/color/node_modules/color-string
642 info linkStuff color-string@0.3.0
643 silly linkStuff color-string@0.3.0 has /Users/bardock/Sites/eakigbo/node_modules/sharp/node_modules/color/node_modules as its parent node_modules
644 verbose linkBins color-string@0.3.0
645 verbose linkMans color-string@0.3.0
646 verbose rebuildBundles color-string@0.3.0
647 verbose rebuildBundles [ 'color-name' ]
648 info install color-string@0.3.0
649 info postinstall color-string@0.3.0
650 verbose unlock done using /Users/bardock/.npm/_locks/color-string-2ec006f6c4834dd7.lock for /Users/bardock/Sites/eakigbo/node_modules/sharp/node_modules/color/node_modules/color-string
651 verbose about to build /Users/bardock/Sites/eakigbo/node_modules/sharp/node_modules/color
652 info build /Users/bardock/Sites/eakigbo/node_modules/sharp/node_modules/color
653 info linkStuff color@0.8.0
654 silly linkStuff color@0.8.0 has /Users/bardock/Sites/eakigbo/node_modules/sharp/node_modules as its parent node_modules
655 verbose linkBins color@0.8.0
656 verbose linkMans color@0.8.0
657 verbose rebuildBundles color@0.8.0
658 verbose rebuildBundles [ 'color-convert', 'color-string' ]
659 info install color@0.8.0
660 info postinstall color@0.8.0
661 verbose unlock done using /Users/bardock/.npm/_locks/color-5dfdab208aaae4d7.lock for /Users/bardock/Sites/eakigbo/node_modules/sharp/node_modules/color
662 verbose about to build /Users/bardock/Sites/eakigbo/node_modules/sharp
663 info build /Users/bardock/Sites/eakigbo/node_modules/sharp
664 info linkStuff sharp@0.10.1
665 silly linkStuff sharp@0.10.1 has /Users/bardock/Sites/eakigbo/node_modules as its parent node_modules
666 verbose linkBins sharp@0.10.1
667 verbose linkMans sharp@0.10.1
668 verbose rebuildBundles sharp@0.10.1
669 verbose rebuildBundles [ '.bin', 'bluebird', 'color', 'nan', 'semver' ]
670 info install sharp@0.10.1
671 verbose unsafe-perm in lifecycle false
672 info sharp@0.10.1 Failed to exec install script
673 verbose unlock done using /Users/bardock/.npm/_locks/sharp-be65044426166503.lock for /Users/bardock/Sites/eakigbo/node_modules/sharp
674 verbose stack Error: sharp@0.10.1 install: `node-gyp rebuild`
674 verbose stack Exit status 1
674 verbose stack     at EventEmitter.<anonymous> (/usr/local/lib/node_modules/npm/lib/utils/lifecycle.js:213:16)
674 verbose stack     at EventEmitter.emit (events.js:110:17)
674 verbose stack     at ChildProcess.<anonymous> (/usr/local/lib/node_modules/npm/lib/utils/spawn.js:24:14)
674 verbose stack     at ChildProcess.emit (events.js:110:17)
674 verbose stack     at maybeClose (child_process.js:1015:16)
674 verbose stack     at Process.ChildProcess._handle.onexit (child_process.js:1087:5)
675 verbose pkgid sharp@0.10.1
676 verbose cwd /Users/bardock/Sites/eakigbo
677 error Darwin 14.3.0
678 error argv "/usr/local/bin/node" "/usr/local/bin/npm" "install" "sharp"
679 error node v0.12.4
680 error npm  v2.10.1
681 error code ELIFECYCLE
682 error sharp@0.10.1 install: `node-gyp rebuild`
682 error Exit status 1
683 error Failed at the sharp@0.10.1 install script 'node-gyp rebuild'.
683 error This is most likely a problem with the sharp package,
683 error not with npm itself.
683 error Tell the author that this fails on your system:
683 error     node-gyp rebuild
683 error You can get their info via:
683 error     npm owner ls sharp
683 error There is likely additional logging output above.
684 verbose exit [ 1, true ]
685 verbose unbuild node_modules/sharp
686 info preuninstall sharp@0.10.1
687 info uninstall sharp@0.10.1
688 verbose unbuild rmStuff sharp@0.10.1 from /Users/bardock/Sites/eakigbo/node_modules
689 info postuninstall sharp@0.10.1
690 silly gentlyRm /Users/bardock/Sites/eakigbo/node_modules/sharp is being purged from base /Users/bardock/Sites/eakigbo
691 verbose gentlyRm don't care about contents; nuking /Users/bardock/Sites/eakigbo/node_modules/sharp
692 silly vacuum-fs purging /Users/bardock/Sites/eakigbo/node_modules/sharp
693 silly vacuum-fs quitting because other entries in /Users/bardock/Sites/eakigbo/node_modules
